<?xml version="1.0" encoding="UTF-8"?>
<!-- Generated by org.testng.reporters.JUnitXMLReporter -->
<testsuite ignored="0" hostname="DEEPAKs-MacBook-Air.local" failures="0" tests="3" name="Default test" time="0.035" errors="0" timestamp="2025-01-18T21:18:29 GMT">
  <testcase classname="testCases.Sample" name="closeapp" time="0.006"/>
  <testcase classname="testCases.Sample" name="openapp" time="0.001"/>
  <testcase classname="testCases.Sample" name="pauseapp" time="0.001"/>
</testsuite> <!-- Default test -->
