<?xml version="1.0" encoding="UTF-8"?>
<testng-results ignored="0" total="1" passed="1" failed="0" skipped="0">
  <reporter-output>
  </reporter-output>
  <suite started-at="2024-10-27T22:25:55 GMT" name="Suite" finished-at="2024-10-27T22:26:08 GMT" duration-ms="13959">
    <groups>
      <group name="Master">
        <method signature="TC001_AccountRegistrationTest.verify_Account_Registration()[pri:0, instance:testCases.TC001_AccountRegistrationTest@1199fe66]" name="verify_Account_Registration" class="testCases.TC001_AccountRegistrationTest"/>
      </group> <!-- Master -->
      <group name="Regression">
        <method signature="TC001_AccountRegistrationTest.verify_Account_Registration()[pri:0, instance:testCases.TC001_AccountRegistrationTest@1199fe66]" name="verify_Account_Registration" class="testCases.TC001_AccountRegistrationTest"/>
      </group> <!-- Regression -->
    </groups>
    <test started-at="2024-10-27T22:25:55 GMT" name="Test" finished-at="2024-10-27T22:26:08 GMT" duration-ms="13959">
      <class name="testCases.TC001_AccountRegistrationTest">
        <test-method is-config="true" signature="setup(java.lang.String,java.lang.String)[pri:0, instance:testCases.TC001_AccountRegistrationTest@1199fe66]" started-at="2024-10-27T22:25:55 GMT" name="setup" finished-at="2024-10-27T22:26:06 GMT" duration-ms="11411" status="PASS">
          <params>
            <param index="0">
              <value>
                <![CDATA[mac]]>
              </value>
            </param>
            <param index="1">
              <value>
                <![CDATA[chrome]]>
              </value>
            </param>
          </params>
          <reporter-output>
          </reporter-output>
        </test-method> <!-- setup -->
        <test-method signature="verify_Account_Registration()[pri:0, instance:testCases.TC001_AccountRegistrationTest@1199fe66]" started-at="2024-10-27T22:26:06 GMT" name="verify_Account_Registration" finished-at="2024-10-27T22:26:08 GMT" duration-ms="2295" status="PASS">
          <reporter-output>
          </reporter-output>
        </test-method> <!-- verify_Account_Registration -->
        <test-method is-config="true" signature="tearDown()[pri:0, instance:testCases.TC001_AccountRegistrationTest@1199fe66]" started-at="2024-10-27T22:26:08 GMT" name="tearDown" finished-at="2024-10-27T22:26:08 GMT" duration-ms="109" status="PASS">
          <reporter-output>
          </reporter-output>
        </test-method> <!-- tearDown -->
      </class> <!-- testCases.TC001_AccountRegistrationTest -->
    </test> <!-- Test -->
  </suite> <!-- Suite -->
</testng-results>
